<?xml version="1.0" encoding="UTF-8"?>
<testsuite xmlns:xsi="http://www.w3.org/2001/XMLSchema-instance" xsi:noNamespaceSchemaLocation="https://maven.apache.org/surefire/maven-surefire-plugin/xsd/surefire-test-report.xsd" version="3.0.2" name="com.codingdojo.DojosNinjas.DojosNinjasApplicationTests" time="6.584" tests="1" errors="0" skipped="0" failures="0">
  <properties>
[...]
</properties>
  <testcase name="contextLoads" classname="com.codingdojo.DojosNinjas.DojosNinjasApplicationTests" time="0.634">
    <system-out><![CDATA[14:12:48.347 [main] INFO org.springframework.test.context.support.AnnotationConfigContextLoaderUtils -- Could not detect default configuration classes for test class [com.codingdojo.DojosNinjas.DojosNinjasApplicationTests]: DojosNinjasApplicationTests does not declare any static, non-private, non-final, nested classes annotated with @Configuration.
14:12:48.463 [main] INFO org.springframework.boot.test.context.SpringBootTestContextBootstrapper -- Found @SpringBootConfiguration com.codingdojo.DojosNinjas.DojosNinjasApplication for test class com.codingdojo.DojosNinjas.DojosNinjasApplicationTests
14:12:48.695 [main] INFO org.springframework.boot.devtools.restart.RestartApplicationListener -- Restart disabled due to context in which it is running

  .   ____          _            __ _ _
 /\\ / ___'_ __ _ _(_)_ __  __ _ \ \ \ \
( ( )\___ | '_ | '_| | '_ \/ _` | \ \ \ \
 \\/  ___)| |_)| | | | | || (_| |  ) ) ) )
  '  |____| .__|_| |_|_| |_\__, | / / / /
 =========|_|==============|___/=/_/_/_/

 :: Spring Boot ::                (v3.4.3)

2025-03-20T14:12:49.035-07:00  INFO 5148 --- [DojosNinjas] [           main] c.c.D.DojosNinjasApplicationTests        : Starting DojosNinjasApplicationTests using Java 17.0.14 with PID 5148 (started by vphan in C:\Users\vphan\Documents\workspace-spring-tool-suite-4-4.28.1.RELEASE\DojosNinjas)
2025-03-20T14:12:49.037-07:00  INFO 5148 --- [DojosNinjas] [           main] c.c.D.DojosNinjasApplicationTests        : No active profile set, falling back to 1 default profile: "default"
2025-03-20T14:12:49.887-07:00  INFO 5148 --- [DojosNinjas] [           main] .s.d.r.c.RepositoryConfigurationDelegate : Bootstrapping Spring Data JPA repositories in DEFAULT mode.
2025-03-20T14:12:49.964-07:00  INFO 5148 --- [DojosNinjas] [           main] .s.d.r.c.RepositoryConfigurationDelegate : Finished Spring Data repository scanning in 58 ms. Found 2 JPA repository interfaces.
2025-03-20T14:12:50.515-07:00  INFO 5148 --- [DojosNinjas] [           main] o.hibernate.jpa.internal.util.LogHelper  : HHH000204: Processing PersistenceUnitInfo [name: default]
2025-03-20T14:12:50.603-07:00  INFO 5148 --- [DojosNinjas] [           main] org.hibernate.Version                    : HHH000412: Hibernate ORM core version 6.6.8.Final
2025-03-20T14:12:50.637-07:00  INFO 5148 --- [DojosNinjas] [           main] o.h.c.internal.RegionFactoryInitiator    : HHH000026: Second-level cache disabled
2025-03-20T14:12:51.084-07:00  INFO 5148 --- [DojosNinjas] [           main] o.s.o.j.p.SpringPersistenceUnitInfo      : No LoadTimeWeaver setup: ignoring JPA class transformer
2025-03-20T14:12:51.111-07:00  INFO 5148 --- [DojosNinjas] [           main] com.zaxxer.hikari.HikariDataSource       : HikariPool-1 - Starting...
2025-03-20T14:12:51.396-07:00  INFO 5148 --- [DojosNinjas] [           main] com.zaxxer.hikari.pool.HikariPool        : HikariPool-1 - Added connection com.mysql.cj.jdbc.ConnectionImpl@c94bd18
2025-03-20T14:12:51.397-07:00  INFO 5148 --- [DojosNinjas] [           main] com.zaxxer.hikari.HikariDataSource       : HikariPool-1 - Start completed.
2025-03-20T14:12:51.470-07:00  INFO 5148 --- [DojosNinjas] [           main] org.hibernate.orm.connections.pooling    : HHH10001005: Database info:
	Database JDBC URL [Connecting through datasource 'HikariDataSource (HikariPool-1)']
	Database driver: undefined/unknown
	Database version: 8.0.40
	Autocommit mode: undefined/unknown
	Isolation level: undefined/unknown
	Minimum pool size: undefined/unknown
	Maximum pool size: undefined/unknown
2025-03-20T14:12:52.442-07:00  INFO 5148 --- [DojosNinjas] [           main] o.h.e.t.j.p.i.JtaPlatformInitiator       : HHH000489: No JTA platform available (set 'hibernate.transaction.jta.platform' to enable JTA platform integration)
2025-03-20T14:12:52.496-07:00  INFO 5148 --- [DojosNinjas] [           main] j.LocalContainerEntityManagerFactoryBean : Initialized JPA EntityManagerFactory for persistence unit 'default'
2025-03-20T14:12:53.034-07:00  WARN 5148 --- [DojosNinjas] [           main] JpaBaseConfiguration$JpaWebConfiguration : spring.jpa.open-in-view is enabled by default. Therefore, database queries may be performed during view rendering. Explicitly configure spring.jpa.open-in-view to disable this warning
2025-03-20T14:12:54.123-07:00  INFO 5148 --- [DojosNinjas] [           main] c.c.D.DojosNinjasApplicationTests        : Started DojosNinjasApplicationTests in 5.441 seconds (process running for 6.427)
]]></system-out>
  </testcase>
</testsuite>